<?xml version="1.0" encoding="UTF-8"?>
<testsuite xmlns:xsi="http://www.w3.org/2001/XMLSchema-instance" xsi:noNamespaceSchemaLocation="https://maven.apache.org/surefire/maven-surefire-plugin/xsd/surefire-test-report-3.0.xsd" version="3.0" name="ru.netology.springboot.ApplicationTests" time="3.966" tests="1" errors="0" skipped="0" failures="0">
  <properties>
[...]
</properties>
  <testcase name="contextLoads" classname="ru.netology.springboot.ApplicationTests" time="1.001">
    <system-out><![CDATA[18:44:01.453 [main] INFO org.springframework.test.context.support.AnnotationConfigContextLoaderUtils -- Could not detect default configuration classes for test class [ru.netology.springboot.ApplicationTests]: ApplicationTests does not declare any static, non-private, non-final, nested classes annotated with @Configuration.
18:44:01.608 [main] INFO org.springframework.boot.test.context.SpringBootTestContextBootstrapper -- Found @SpringBootConfiguration ru.netology.springboot.Application for test class ru.netology.springboot.ApplicationTests

  .   ____          _            __ _ _
 /\\ / ___'_ __ _ _(_)_ __  __ _ \ \ \ \
( ( )\___ | '_ | '_| | '_ \/ _` | \ \ \ \
 \\/  ___)| |_)| | | | | || (_| |  ) ) ) )
  '  |____| .__|_| |_|_| |_\__, | / / / /
 =========|_|==============|___/=/_/_/_/
 :: Spring Boot ::                (v3.1.1)

2023-07-18T18:44:02.114+03:00  INFO 5032 --- [           main] r.netology.springboot.ApplicationTests   : Starting ApplicationTests using Java 17.0.2 with PID 5032 (started by silent27 in C:\Users\silent27\IdeaProjects\feature\SpringBoot)
2023-07-18T18:44:02.116+03:00  INFO 5032 --- [           main] r.netology.springboot.ApplicationTests   : No active profile set, falling back to 1 default profile: "default"
2023-07-18T18:44:04.106+03:00  INFO 5032 --- [           main] o.s.b.a.e.web.EndpointLinksResolver      : Exposing 1 endpoint(s) beneath base path '/actuator'
2023-07-18T18:44:04.171+03:00  INFO 5032 --- [           main] r.netology.springboot.ApplicationTests   : Started ApplicationTests in 2.337 seconds (process running for 3.507)
]]></system-out>
  </testcase>
</testsuite>